c:\users\bobby smith\desktop\c++_projects\gameproject\gameproject\debug\vc140.pdb
c:\users\bobby smith\desktop\c++_projects\gameproject\gameproject\debug\vc140.idb
c:\users\bobby smith\desktop\c++_projects\gameproject\gameproject\debug\arraytexture.obj
c:\users\bobby smith\desktop\c++_projects\gameproject\gameproject\debug\bufferdataloader.obj
c:\users\bobby smith\desktop\c++_projects\gameproject\gameproject\debug\display.obj
c:\users\bobby smith\desktop\c++_projects\gameproject\gameproject\debug\glcamera.obj
c:\users\bobby smith\desktop\c++_projects\gameproject\gameproject\debug\imageloader.obj
c:\users\bobby smith\desktop\c++_projects\gameproject\gameproject\debug\main.obj
c:\users\bobby smith\desktop\c++_projects\gameproject\gameproject\debug\openglmemorytracker.obj
c:\users\bobby smith\desktop\c++_projects\gameproject\gameproject\debug\shader.obj
c:\users\bobby smith\desktop\c++_projects\gameproject\gameproject\debug\staticinput.obj
c:\users\bobby smith\desktop\c++_projects\gameproject\gameproject\debug\texture.obj
c:\users\bobby smith\desktop\c++_projects\gameproject\gameproject\debug\texture2d.obj
c:\users\bobby smith\desktop\c++_projects\gameproject\gameproject\debug\texture2darray.obj
c:\users\bobby smith\desktop\c++_projects\gameproject\gameproject\debug\textureloader.obj
c:\users\bobby smith\desktop\c++_projects\gameproject\gameproject\debug\timer.obj
c:\users\bobby smith\desktop\c++_projects\gameproject\gameproject\debug\gameproject.tlog\cl.command.1.tlog
c:\users\bobby smith\desktop\c++_projects\gameproject\gameproject\debug\gameproject.tlog\cl.read.1.tlog
c:\users\bobby smith\desktop\c++_projects\gameproject\gameproject\debug\gameproject.tlog\cl.write.1.tlog
c:\users\bobby smith\desktop\c++_projects\gameproject\gameproject\debug\gameproject.tlog\link.command.1.tlog
c:\users\bobby smith\desktop\c++_projects\gameproject\gameproject\debug\gameproject.tlog\link.read.1.tlog
c:\users\bobby smith\desktop\c++_projects\gameproject\gameproject\debug\gameproject.tlog\link.write.1.tlog
